2014/07/21 16:32:22 [error] [exception.CHttpException.404] exception 'CHttpException' with message 'The system is unable to find the requested action "index".' in C:\xampp\htdocs\yii\framework\web\CController.php:483
Stack trace:
#0 C:\xampp\htdocs\yii\framework\web\CController.php(270): CController->missingAction('')
#1 C:\xampp\htdocs\yii\framework\web\CWebApplication.php(282): CController->run('')
#2 C:\xampp\htdocs\yii\framework\web\CWebApplication.php(141): CWebApplication->runController('message')
#3 C:\xampp\htdocs\yii\framework\base\CApplication.php(180): CWebApplication->processRequest()
#4 C:\xampp\htdocs\helloworld\index.php(13): CApplication->run()
#5 {main}
REQUEST_URI=/helloworld/index.php?r=message
HTTP_REFERER=http://localhost/helloworld/index.php?r=gii/controller/index
---
2014/07/21 16:36:12 [error] [exception.CHttpException.404] exception 'CHttpException' with message 'The system is unable to find the requested action "index".' in C:\xampp\htdocs\yii\framework\web\CController.php:483
Stack trace:
#0 C:\xampp\htdocs\yii\framework\web\CController.php(270): CController->missingAction('')
#1 C:\xampp\htdocs\yii\framework\web\CWebApplication.php(282): CController->run('')
#2 C:\xampp\htdocs\yii\framework\web\CWebApplication.php(141): CWebApplication->runController('message')
#3 C:\xampp\htdocs\yii\framework\base\CApplication.php(180): CWebApplication->processRequest()
#4 C:\xampp\htdocs\helloworld\index.php(13): CApplication->run()
#5 {main}
REQUEST_URI=/helloworld/index.php?r=message
---
2014/07/21 16:43:05 [error] [exception.CException] exception 'CException' with message 'Property "MessageController.breadcrums" is not defined.' in C:\xampp\htdocs\yii\framework\base\CComponent.php:173
Stack trace:
#0 C:\xampp\htdocs\helloworld\protected\views\message\hello.php(4): CComponent->__set('breadcrums', Array)
#1 C:\xampp\htdocs\yii\framework\web\CBaseController.php(126): require('C:\\xampp\\htdocs...')
#2 C:\xampp\htdocs\yii\framework\web\CBaseController.php(95): CBaseController->renderInternal('C:\\xampp\\htdocs...', NULL, true)
#3 C:\xampp\htdocs\yii\framework\web\CController.php(869): CBaseController->renderFile('C:\\xampp\\htdocs...', NULL, true)
#4 C:\xampp\htdocs\yii\framework\web\CController.php(782): CController->renderPartial('hello', NULL, true)
#5 C:\xampp\htdocs\helloworld\protected\controllers\MessageController.php(8): CController->render('hello')
#6 C:\xampp\htdocs\yii\framework\web\actions\CInlineAction.php(49): MessageController->actionHello()
#7 C:\xampp\htdocs\yii\framework\web\CController.php(308): CInlineAction->runWithParams(Array)
#8 C:\xampp\htdocs\yii\framework\web\CController.php(286): CController->runAction(Object(CInlineAction))
#9 C:\xampp\htdocs\yii\framework\web\CController.php(265): CController->runActionWithFilters(Object(CInlineAction), Array)
#10 C:\xampp\htdocs\yii\framework\web\CWebApplication.php(282): CController->run('')
#11 C:\xampp\htdocs\yii\framework\web\CWebApplication.php(141): CWebApplication->runController('message')
#12 C:\xampp\htdocs\yii\framework\base\CApplication.php(180): CWebApplication->processRequest()
#13 C:\xampp\htdocs\helloworld\index.php(13): CApplication->run()
#14 {main}
REQUEST_URI=/helloworld/index.php?r=message
---
2014/07/22 12:59:17 [error] [php] date_default_timezone_set(): Timezone ID 'IST' is invalid (C:\xampp\htdocs\helloworld\protected\views\message\hello.php:11)
Stack trace:
#0 C:\xampp\htdocs\yii\framework\web\CBaseController.php(95): MessageController->renderInternal()
#1 C:\xampp\htdocs\yii\framework\web\CController.php(869): MessageController->renderFile()
#2 C:\xampp\htdocs\yii\framework\web\CController.php(782): MessageController->renderPartial()
#3 C:\xampp\htdocs\helloworld\protected\controllers\MessageController.php(8): MessageController->render()
#4 C:\xampp\htdocs\yii\framework\web\actions\CInlineAction.php(49): MessageController->actionHello()
#5 C:\xampp\htdocs\yii\framework\web\CController.php(308): CInlineAction->runWithParams()
#6 C:\xampp\htdocs\yii\framework\web\CController.php(286): MessageController->runAction()
#7 C:\xampp\htdocs\yii\framework\web\CController.php(265): MessageController->runActionWithFilters()
#8 C:\xampp\htdocs\yii\framework\web\CWebApplication.php(282): MessageController->run()
#9 C:\xampp\htdocs\yii\framework\web\CWebApplication.php(141): CWebApplication->runController()
#10 C:\xampp\htdocs\yii\framework\base\CApplication.php(180): CWebApplication->processRequest()
#11 C:\xampp\htdocs\helloworld\index.php(13): CWebApplication->run()
REQUEST_URI=/helloworld/index.php?r=message
in C:\xampp\htdocs\helloworld\protected\views\message\hello.php (11)
in C:\xampp\htdocs\helloworld\protected\controllers\MessageController.php (8)
in C:\xampp\htdocs\helloworld\index.php (13)
2014/07/22 13:00:44 [error] [php] date_default_timezone_set(): Timezone ID 'UTC+5.5' is invalid (C:\xampp\htdocs\helloworld\protected\views\message\hello.php:11)
Stack trace:
#0 C:\xampp\htdocs\yii\framework\web\CBaseController.php(95): MessageController->renderInternal()
#1 C:\xampp\htdocs\yii\framework\web\CController.php(869): MessageController->renderFile()
#2 C:\xampp\htdocs\yii\framework\web\CController.php(782): MessageController->renderPartial()
#3 C:\xampp\htdocs\helloworld\protected\controllers\MessageController.php(8): MessageController->render()
#4 C:\xampp\htdocs\yii\framework\web\actions\CInlineAction.php(49): MessageController->actionHello()
#5 C:\xampp\htdocs\yii\framework\web\CController.php(308): CInlineAction->runWithParams()
#6 C:\xampp\htdocs\yii\framework\web\CController.php(286): MessageController->runAction()
#7 C:\xampp\htdocs\yii\framework\web\CController.php(265): MessageController->runActionWithFilters()
#8 C:\xampp\htdocs\yii\framework\web\CWebApplication.php(282): MessageController->run()
#9 C:\xampp\htdocs\yii\framework\web\CWebApplication.php(141): CWebApplication->runController()
#10 C:\xampp\htdocs\yii\framework\base\CApplication.php(180): CWebApplication->processRequest()
#11 C:\xampp\htdocs\helloworld\index.php(13): CWebApplication->run()
REQUEST_URI=/helloworld/index.php?r=message
in C:\xampp\htdocs\helloworld\protected\views\message\hello.php (11)
in C:\xampp\htdocs\helloworld\protected\controllers\MessageController.php (8)
in C:\xampp\htdocs\helloworld\index.php (13)
2014/07/22 13:01:02 [error] [php] date_default_timezone_set(): Timezone ID '' is invalid (C:\xampp\htdocs\helloworld\protected\views\message\hello.php:11)
Stack trace:
#0 C:\xampp\htdocs\yii\framework\web\CBaseController.php(95): MessageController->renderInternal()
#1 C:\xampp\htdocs\yii\framework\web\CController.php(869): MessageController->renderFile()
#2 C:\xampp\htdocs\yii\framework\web\CController.php(782): MessageController->renderPartial()
#3 C:\xampp\htdocs\helloworld\protected\controllers\MessageController.php(8): MessageController->render()
#4 C:\xampp\htdocs\yii\framework\web\actions\CInlineAction.php(49): MessageController->actionHello()
#5 C:\xampp\htdocs\yii\framework\web\CController.php(308): CInlineAction->runWithParams()
#6 C:\xampp\htdocs\yii\framework\web\CController.php(286): MessageController->runAction()
#7 C:\xampp\htdocs\yii\framework\web\CController.php(265): MessageController->runActionWithFilters()
#8 C:\xampp\htdocs\yii\framework\web\CWebApplication.php(282): MessageController->run()
#9 C:\xampp\htdocs\yii\framework\web\CWebApplication.php(141): CWebApplication->runController()
#10 C:\xampp\htdocs\yii\framework\base\CApplication.php(180): CWebApplication->processRequest()
#11 C:\xampp\htdocs\helloworld\index.php(13): CWebApplication->run()
REQUEST_URI=/helloworld/index.php?r=message
in C:\xampp\htdocs\helloworld\protected\views\message\hello.php (11)
in C:\xampp\htdocs\helloworld\protected\controllers\MessageController.php (8)
in C:\xampp\htdocs\helloworld\index.php (13)
2014/07/22 16:53:29 [error] [exception.CException] exception 'CException' with message 'Property "MessageController.theTime" is not defined.' in C:\xampp\htdocs\yii\framework\base\CComponent.php:173
Stack trace:
#0 C:\xampp\htdocs\helloworld\protected\controllers\MessageController.php(10): CComponent->__set('theTime', 'Tue Jul 22, 201...')
#1 C:\xampp\htdocs\yii\framework\web\actions\CInlineAction.php(49): MessageController->actionHello()
#2 C:\xampp\htdocs\yii\framework\web\CController.php(308): CInlineAction->runWithParams(Array)
#3 C:\xampp\htdocs\yii\framework\web\CController.php(286): CController->runAction(Object(CInlineAction))
#4 C:\xampp\htdocs\yii\framework\web\CController.php(265): CController->runActionWithFilters(Object(CInlineAction), Array)
#5 C:\xampp\htdocs\yii\framework\web\CWebApplication.php(282): CController->run('')
#6 C:\xampp\htdocs\yii\framework\web\CWebApplication.php(141): CWebApplication->runController('message')
#7 C:\xampp\htdocs\yii\framework\base\CApplication.php(180): CWebApplication->processRequest()
#8 C:\xampp\htdocs\helloworld\index.php(13): CApplication->run()
#9 {main}
REQUEST_URI=/helloworld/index.php?r=message
---
2014/07/22 16:53:48 [error] [exception.CException] exception 'CException' with message 'Property "MessageController.theTime" is not defined.' in C:\xampp\htdocs\yii\framework\base\CComponent.php:173
Stack trace:
#0 C:\xampp\htdocs\helloworld\protected\controllers\MessageController.php(10): CComponent->__set('theTime', 'Tue Jul 22, 201...')
#1 C:\xampp\htdocs\yii\framework\web\actions\CInlineAction.php(49): MessageController->actionHello()
#2 C:\xampp\htdocs\yii\framework\web\CController.php(308): CInlineAction->runWithParams(Array)
#3 C:\xampp\htdocs\yii\framework\web\CController.php(286): CController->runAction(Object(CInlineAction))
#4 C:\xampp\htdocs\yii\framework\web\CController.php(265): CController->runActionWithFilters(Object(CInlineAction), Array)
#5 C:\xampp\htdocs\yii\framework\web\CWebApplication.php(282): CController->run('')
#6 C:\xampp\htdocs\yii\framework\web\CWebApplication.php(141): CWebApplication->runController('message')
#7 C:\xampp\htdocs\yii\framework\base\CApplication.php(180): CWebApplication->processRequest()
#8 C:\xampp\htdocs\helloworld\index.php(13): CApplication->run()
#9 {main}
REQUEST_URI=/helloworld/index.php?r=message
---
2014/07/22 16:54:12 [error] [php] Undefined variable: time (C:\xampp\htdocs\helloworld\protected\views\message\hello.php:11)
Stack trace:
#0 C:\xampp\htdocs\yii\framework\web\CController.php(869): MessageController->renderFile()
#1 C:\xampp\htdocs\yii\framework\web\CController.php(782): MessageController->renderPartial()
#2 C:\xampp\htdocs\helloworld\protected\controllers\MessageController.php(11): MessageController->render()
#3 C:\xampp\htdocs\yii\framework\web\actions\CInlineAction.php(49): MessageController->actionHello()
#4 C:\xampp\htdocs\yii\framework\web\CController.php(308): CInlineAction->runWithParams()
#5 C:\xampp\htdocs\yii\framework\web\CController.php(286): MessageController->runAction()
#6 C:\xampp\htdocs\yii\framework\web\CController.php(265): MessageController->runActionWithFilters()
#7 C:\xampp\htdocs\yii\framework\web\CWebApplication.php(282): MessageController->run()
#8 C:\xampp\htdocs\yii\framework\web\CWebApplication.php(141): CWebApplication->runController()
#9 C:\xampp\htdocs\yii\framework\base\CApplication.php(180): CWebApplication->processRequest()
#10 C:\xampp\htdocs\helloworld\index.php(13): CWebApplication->run()
REQUEST_URI=/helloworld/index.php?r=message
in C:\xampp\htdocs\helloworld\protected\views\message\hello.php (11)
in C:\xampp\htdocs\helloworld\protected\controllers\MessageController.php (11)
in C:\xampp\htdocs\helloworld\index.php (13)
2014/07/22 16:54:30 [error] [php] Undefined variable: time (C:\xampp\htdocs\helloworld\protected\views\message\hello.php:11)
Stack trace:
#0 C:\xampp\htdocs\yii\framework\web\CController.php(869): MessageController->renderFile()
#1 C:\xampp\htdocs\yii\framework\web\CController.php(782): MessageController->renderPartial()
#2 C:\xampp\htdocs\helloworld\protected\controllers\MessageController.php(11): MessageController->render()
#3 C:\xampp\htdocs\yii\framework\web\actions\CInlineAction.php(49): MessageController->actionHello()
#4 C:\xampp\htdocs\yii\framework\web\CController.php(308): CInlineAction->runWithParams()
#5 C:\xampp\htdocs\yii\framework\web\CController.php(286): MessageController->runAction()
#6 C:\xampp\htdocs\yii\framework\web\CController.php(265): MessageController->runActionWithFilters()
#7 C:\xampp\htdocs\yii\framework\web\CWebApplication.php(282): MessageController->run()
#8 C:\xampp\htdocs\yii\framework\web\CWebApplication.php(141): CWebApplication->runController()
#9 C:\xampp\htdocs\yii\framework\base\CApplication.php(180): CWebApplication->processRequest()
#10 C:\xampp\htdocs\helloworld\index.php(13): CWebApplication->run()
REQUEST_URI=/helloworld/index.php?r=message
in C:\xampp\htdocs\helloworld\protected\views\message\hello.php (11)
in C:\xampp\htdocs\helloworld\protected\controllers\MessageController.php (11)
in C:\xampp\htdocs\helloworld\index.php (13)
2014/07/22 17:07:11 [error] [exception.CException] exception 'CException' with message 'Property "MessageController.controller" is not defined.' in C:\xampp\htdocs\yii\framework\base\CComponent.php:130
Stack trace:
#0 C:\xampp\htdocs\helloworld\protected\views\message\hello.php(12): CComponent->__get('controller')
#1 C:\xampp\htdocs\yii\framework\web\CBaseController.php(126): require('C:\\xampp\\htdocs...')
#2 C:\xampp\htdocs\yii\framework\web\CBaseController.php(95): CBaseController->renderInternal('C:\\xampp\\htdocs...', NULL, true)
#3 C:\xampp\htdocs\yii\framework\web\CController.php(869): CBaseController->renderFile('C:\\xampp\\htdocs...', NULL, true)
#4 C:\xampp\htdocs\yii\framework\web\CController.php(782): CController->renderPartial('hello', NULL, true)
#5 C:\xampp\htdocs\helloworld\protected\controllers\MessageController.php(13): CController->render('hello')
#6 C:\xampp\htdocs\yii\framework\web\actions\CInlineAction.php(49): MessageController->actionHello()
#7 C:\xampp\htdocs\yii\framework\web\CController.php(308): CInlineAction->runWithParams(Array)
#8 C:\xampp\htdocs\yii\framework\web\CController.php(286): CController->runAction(Object(CInlineAction))
#9 C:\xampp\htdocs\yii\framework\web\CController.php(265): CController->runActionWithFilters(Object(CInlineAction), Array)
#10 C:\xampp\htdocs\yii\framework\web\CWebApplication.php(282): CController->run('')
#11 C:\xampp\htdocs\yii\framework\web\CWebApplication.php(141): CWebApplication->runController('message')
#12 C:\xampp\htdocs\yii\framework\base\CApplication.php(180): CWebApplication->processRequest()
#13 C:\xampp\htdocs\helloworld\index.php(13): CApplication->run()
#14 {main}
REQUEST_URI=/helloworld/index.php?r=message
---
2014/07/22 13:50:39 [error] [php] Undefined variable: time (C:\xampp\htdocs\helloworld\protected\controllers\MessageController.php:16)
Stack trace:
#0 C:\xampp\htdocs\yii\framework\web\CController.php(286): MessageController->runAction()
#1 C:\xampp\htdocs\yii\framework\web\CController.php(265): MessageController->runActionWithFilters()
#2 C:\xampp\htdocs\yii\framework\web\CWebApplication.php(282): MessageController->run()
#3 C:\xampp\htdocs\yii\framework\web\CWebApplication.php(141): CWebApplication->runController()
#4 C:\xampp\htdocs\yii\framework\base\CApplication.php(180): CWebApplication->processRequest()
#5 C:\xampp\htdocs\helloworld\index.php(13): CWebApplication->run()
REQUEST_URI=/helloworld/index.php?r=message
in C:\xampp\htdocs\helloworld\protected\controllers\MessageController.php (16)
in C:\xampp\htdocs\helloworld\index.php (13)
2014/07/22 13:53:10 [error] [php] Undefined variable: time (C:\xampp\htdocs\helloworld\protected\controllers\MessageController.php:16)
Stack trace:
#0 C:\xampp\htdocs\yii\framework\web\CController.php(286): MessageController->runAction()
#1 C:\xampp\htdocs\yii\framework\web\CController.php(265): MessageController->runActionWithFilters()
#2 C:\xampp\htdocs\yii\framework\web\CWebApplication.php(282): MessageController->run()
#3 C:\xampp\htdocs\yii\framework\web\CWebApplication.php(141): CWebApplication->runController()
#4 C:\xampp\htdocs\yii\framework\base\CApplication.php(180): CWebApplication->processRequest()
#5 C:\xampp\htdocs\helloworld\index.php(13): CWebApplication->run()
REQUEST_URI=/helloworld/index.php?r=message
in C:\xampp\htdocs\helloworld\protected\controllers\MessageController.php (16)
in C:\xampp\htdocs\helloworld\index.php (13)
2014/07/22 13:53:37 [error] [php] Undefined variable: time (C:\xampp\htdocs\helloworld\protected\controllers\MessageController.php:16)
Stack trace:
#0 C:\xampp\htdocs\yii\framework\web\CController.php(286): MessageController->runAction()
#1 C:\xampp\htdocs\yii\framework\web\CController.php(265): MessageController->runActionWithFilters()
#2 C:\xampp\htdocs\yii\framework\web\CWebApplication.php(282): MessageController->run()
#3 C:\xampp\htdocs\yii\framework\web\CWebApplication.php(141): CWebApplication->runController()
#4 C:\xampp\htdocs\yii\framework\base\CApplication.php(180): CWebApplication->processRequest()
#5 C:\xampp\htdocs\helloworld\index.php(13): CWebApplication->run()
REQUEST_URI=/helloworld/index.php?r=message
in C:\xampp\htdocs\helloworld\protected\controllers\MessageController.php (16)
in C:\xampp\htdocs\helloworld\index.php (13)
2014/07/22 13:53:43 [error] [php] Undefined variable: time (C:\xampp\htdocs\helloworld\protected\controllers\MessageController.php:16)
Stack trace:
#0 C:\xampp\htdocs\yii\framework\web\CController.php(286): MessageController->runAction()
#1 C:\xampp\htdocs\yii\framework\web\CController.php(265): MessageController->runActionWithFilters()
#2 C:\xampp\htdocs\yii\framework\web\CWebApplication.php(282): MessageController->run()
#3 C:\xampp\htdocs\yii\framework\web\CWebApplication.php(141): CWebApplication->runController()
#4 C:\xampp\htdocs\yii\framework\base\CApplication.php(180): CWebApplication->processRequest()
#5 C:\xampp\htdocs\helloworld\index.php(13): CWebApplication->run()
REQUEST_URI=/helloworld/index.php?r=message
in C:\xampp\htdocs\helloworld\protected\controllers\MessageController.php (16)
in C:\xampp\htdocs\helloworld\index.php (13)
2014/07/22 13:54:26 [error] [php] Array to string conversion (C:\xampp\htdocs\helloworld\protected\views\message\hello.php:11)
Stack trace:
#0 C:\xampp\htdocs\yii\framework\web\CController.php(869): MessageController->renderFile()
#1 C:\xampp\htdocs\yii\framework\web\CController.php(782): MessageController->renderPartial()
#2 C:\xampp\htdocs\helloworld\protected\controllers\MessageController.php(17): MessageController->render()
#3 C:\xampp\htdocs\yii\framework\web\actions\CInlineAction.php(49): MessageController->actionHello()
#4 C:\xampp\htdocs\yii\framework\web\CController.php(308): CInlineAction->runWithParams()
#5 C:\xampp\htdocs\yii\framework\web\CController.php(286): MessageController->runAction()
#6 C:\xampp\htdocs\yii\framework\web\CController.php(265): MessageController->runActionWithFilters()
#7 C:\xampp\htdocs\yii\framework\web\CWebApplication.php(282): MessageController->run()
#8 C:\xampp\htdocs\yii\framework\web\CWebApplication.php(141): CWebApplication->runController()
#9 C:\xampp\htdocs\yii\framework\base\CApplication.php(180): CWebApplication->processRequest()
#10 C:\xampp\htdocs\helloworld\index.php(13): CWebApplication->run()
REQUEST_URI=/helloworld/index.php?r=message
in C:\xampp\htdocs\helloworld\protected\views\message\hello.php (11)
in C:\xampp\htdocs\helloworld\protected\controllers\MessageController.php (17)
in C:\xampp\htdocs\helloworld\index.php (13)
2014/07/22 13:55:15 [error] [php] Undefined variable: theTime (C:\xampp\htdocs\helloworld\protected\views\message\hello.php:11)
Stack trace:
#0 C:\xampp\htdocs\yii\framework\web\CController.php(869): MessageController->renderFile()
#1 C:\xampp\htdocs\yii\framework\web\CController.php(782): MessageController->renderPartial()
#2 C:\xampp\htdocs\helloworld\protected\controllers\MessageController.php(17): MessageController->render()
#3 C:\xampp\htdocs\yii\framework\web\actions\CInlineAction.php(49): MessageController->actionHello()
#4 C:\xampp\htdocs\yii\framework\web\CController.php(308): CInlineAction->runWithParams()
#5 C:\xampp\htdocs\yii\framework\web\CController.php(286): MessageController->runAction()
#6 C:\xampp\htdocs\yii\framework\web\CController.php(265): MessageController->runActionWithFilters()
#7 C:\xampp\htdocs\yii\framework\web\CWebApplication.php(282): MessageController->run()
#8 C:\xampp\htdocs\yii\framework\web\CWebApplication.php(141): CWebApplication->runController()
#9 C:\xampp\htdocs\yii\framework\base\CApplication.php(180): CWebApplication->processRequest()
#10 C:\xampp\htdocs\helloworld\index.php(13): CWebApplication->run()
REQUEST_URI=/helloworld/index.php?r=message
in C:\xampp\htdocs\helloworld\protected\views\message\hello.php (11)
in C:\xampp\htdocs\helloworld\protected\controllers\MessageController.php (17)
in C:\xampp\htdocs\helloworld\index.php (13)
2014/07/22 17:28:58 [error] [php] Undefined variable: theTime (C:\xampp\htdocs\helloworld\protected\controllers\MessageController.php:11)
Stack trace:
#0 C:\xampp\htdocs\yii\framework\web\CController.php(286): MessageController->runAction()
#1 C:\xampp\htdocs\yii\framework\web\CController.php(265): MessageController->runActionWithFilters()
#2 C:\xampp\htdocs\yii\framework\web\CWebApplication.php(282): MessageController->run()
#3 C:\xampp\htdocs\yii\framework\web\CWebApplication.php(141): CWebApplication->runController()
#4 C:\xampp\htdocs\yii\framework\base\CApplication.php(180): CWebApplication->processRequest()
#5 C:\xampp\htdocs\helloworld\index.php(13): CWebApplication->run()
REQUEST_URI=/helloworld/index.php?r=message
in C:\xampp\htdocs\helloworld\protected\controllers\MessageController.php (11)
in C:\xampp\htdocs\helloworld\index.php (13)
2014/07/22 17:29:32 [error] [php] Undefined variable: time (C:\xampp\htdocs\helloworld\protected\controllers\MessageController.php:11)
Stack trace:
#0 C:\xampp\htdocs\yii\framework\web\CController.php(286): MessageController->runAction()
#1 C:\xampp\htdocs\yii\framework\web\CController.php(265): MessageController->runActionWithFilters()
#2 C:\xampp\htdocs\yii\framework\web\CWebApplication.php(282): MessageController->run()
#3 C:\xampp\htdocs\yii\framework\web\CWebApplication.php(141): CWebApplication->runController()
#4 C:\xampp\htdocs\yii\framework\base\CApplication.php(180): CWebApplication->processRequest()
#5 C:\xampp\htdocs\helloworld\index.php(13): CWebApplication->run()
REQUEST_URI=/helloworld/index.php?r=message
in C:\xampp\htdocs\helloworld\protected\controllers\MessageController.php (11)
in C:\xampp\htdocs\helloworld\index.php (13)
2014/07/22 17:30:01 [error] [php] Undefined variable: theTime (C:\xampp\htdocs\helloworld\protected\controllers\MessageController.php:11)
Stack trace:
#0 C:\xampp\htdocs\yii\framework\web\CController.php(286): MessageController->runAction()
#1 C:\xampp\htdocs\yii\framework\web\CController.php(265): MessageController->runActionWithFilters()
#2 C:\xampp\htdocs\yii\framework\web\CWebApplication.php(282): MessageController->run()
#3 C:\xampp\htdocs\yii\framework\web\CWebApplication.php(141): CWebApplication->runController()
#4 C:\xampp\htdocs\yii\framework\base\CApplication.php(180): CWebApplication->processRequest()
#5 C:\xampp\htdocs\helloworld\index.php(13): CWebApplication->run()
REQUEST_URI=/helloworld/index.php?r=message
in C:\xampp\htdocs\helloworld\protected\controllers\MessageController.php (11)
in C:\xampp\htdocs\helloworld\index.php (13)
2014/07/22 17:30:15 [error] [exception.CException] exception 'CException' with message 'Property "MessageController.time" is not defined.' in C:\xampp\htdocs\yii\framework\base\CComponent.php:130
Stack trace:
#0 C:\xampp\htdocs\helloworld\protected\views\message\hello.php(11): CComponent->__get('time')
#1 C:\xampp\htdocs\yii\framework\web\CBaseController.php(126): require('C:\\xampp\\htdocs...')
#2 C:\xampp\htdocs\yii\framework\web\CBaseController.php(95): CBaseController->renderInternal('C:\\xampp\\htdocs...', Array, true)
#3 C:\xampp\htdocs\yii\framework\web\CController.php(869): CBaseController->renderFile('C:\\xampp\\htdocs...', Array, true)
#4 C:\xampp\htdocs\yii\framework\web\CController.php(782): CController->renderPartial('hello', Array, true)
#5 C:\xampp\htdocs\helloworld\protected\controllers\MessageController.php(11): CController->render('hello', Array)
#6 C:\xampp\htdocs\yii\framework\web\actions\CInlineAction.php(49): MessageController->actionHello()
#7 C:\xampp\htdocs\yii\framework\web\CController.php(308): CInlineAction->runWithParams(Array)
#8 C:\xampp\htdocs\yii\framework\web\CController.php(286): CController->runAction(Object(CInlineAction))
#9 C:\xampp\htdocs\yii\framework\web\CController.php(265): CController->runActionWithFilters(Object(CInlineAction), Array)
#10 C:\xampp\htdocs\yii\framework\web\CWebApplication.php(282): CController->run('')
#11 C:\xampp\htdocs\yii\framework\web\CWebApplication.php(141): CWebApplication->runController('message')
#12 C:\xampp\htdocs\yii\framework\base\CApplication.php(180): CWebApplication->processRequest()
#13 C:\xampp\htdocs\helloworld\index.php(13): CApplication->run()
#14 {main}
REQUEST_URI=/helloworld/index.php?r=message
---
2014/07/22 17:30:55 [error] [php] Undefined variable: theTime (C:\xampp\htdocs\helloworld\protected\views\message\hello.php:11)
Stack trace:
#0 C:\xampp\htdocs\yii\framework\web\CController.php(869): MessageController->renderFile()
#1 C:\xampp\htdocs\yii\framework\web\CController.php(782): MessageController->renderPartial()
#2 C:\xampp\htdocs\helloworld\protected\controllers\MessageController.php(11): MessageController->render()
#3 C:\xampp\htdocs\yii\framework\web\actions\CInlineAction.php(49): MessageController->actionHello()
#4 C:\xampp\htdocs\yii\framework\web\CController.php(308): CInlineAction->runWithParams()
#5 C:\xampp\htdocs\yii\framework\web\CController.php(286): MessageController->runAction()
#6 C:\xampp\htdocs\yii\framework\web\CController.php(265): MessageController->runActionWithFilters()
#7 C:\xampp\htdocs\yii\framework\web\CWebApplication.php(282): MessageController->run()
#8 C:\xampp\htdocs\yii\framework\web\CWebApplication.php(141): CWebApplication->runController()
#9 C:\xampp\htdocs\yii\framework\base\CApplication.php(180): CWebApplication->processRequest()
#10 C:\xampp\htdocs\helloworld\index.php(13): CWebApplication->run()
REQUEST_URI=/helloworld/index.php?r=message
in C:\xampp\htdocs\helloworld\protected\views\message\hello.php (11)
in C:\xampp\htdocs\helloworld\protected\controllers\MessageController.php (11)
in C:\xampp\htdocs\helloworld\index.php (13)
2014/07/22 17:32:12 [error] [php] Undefined variable: theTime (C:\xampp\htdocs\helloworld\protected\views\message\hello.php:11)
Stack trace:
#0 C:\xampp\htdocs\yii\framework\web\CController.php(869): MessageController->renderFile()
#1 C:\xampp\htdocs\yii\framework\web\CController.php(782): MessageController->renderPartial()
#2 C:\xampp\htdocs\helloworld\protected\controllers\MessageController.php(11): MessageController->render()
#3 C:\xampp\htdocs\yii\framework\web\actions\CInlineAction.php(49): MessageController->actionHello()
#4 C:\xampp\htdocs\yii\framework\web\CController.php(308): CInlineAction->runWithParams()
#5 C:\xampp\htdocs\yii\framework\web\CController.php(286): MessageController->runAction()
#6 C:\xampp\htdocs\yii\framework\web\CController.php(265): MessageController->runActionWithFilters()
#7 C:\xampp\htdocs\yii\framework\web\CWebApplication.php(282): MessageController->run()
#8 C:\xampp\htdocs\yii\framework\web\CWebApplication.php(141): CWebApplication->runController()
#9 C:\xampp\htdocs\yii\framework\base\CApplication.php(180): CWebApplication->processRequest()
#10 C:\xampp\htdocs\helloworld\index.php(13): CWebApplication->run()
REQUEST_URI=/helloworld/index.php?r=message
in C:\xampp\htdocs\helloworld\protected\views\message\hello.php (11)
in C:\xampp\htdocs\helloworld\protected\controllers\MessageController.php (11)
in C:\xampp\htdocs\helloworld\index.php (13)
2014/07/22 17:32:49 [error] [php] Undefined variable: theTime (C:\xampp\htdocs\helloworld\protected\views\message\hello.php:11)
Stack trace:
#0 C:\xampp\htdocs\yii\framework\web\CController.php(869): MessageController->renderFile()
#1 C:\xampp\htdocs\yii\framework\web\CController.php(782): MessageController->renderPartial()
#2 C:\xampp\htdocs\helloworld\protected\controllers\MessageController.php(11): MessageController->render()
#3 C:\xampp\htdocs\yii\framework\web\actions\CInlineAction.php(49): MessageController->actionHello()
#4 C:\xampp\htdocs\yii\framework\web\CController.php(308): CInlineAction->runWithParams()
#5 C:\xampp\htdocs\yii\framework\web\CController.php(286): MessageController->runAction()
#6 C:\xampp\htdocs\yii\framework\web\CController.php(265): MessageController->runActionWithFilters()
#7 C:\xampp\htdocs\yii\framework\web\CWebApplication.php(282): MessageController->run()
#8 C:\xampp\htdocs\yii\framework\web\CWebApplication.php(141): CWebApplication->runController()
#9 C:\xampp\htdocs\yii\framework\base\CApplication.php(180): CWebApplication->processRequest()
#10 C:\xampp\htdocs\helloworld\index.php(13): CWebApplication->run()
REQUEST_URI=/helloworld/index.php?r=message
in C:\xampp\htdocs\helloworld\protected\views\message\hello.php (11)
in C:\xampp\htdocs\helloworld\protected\controllers\MessageController.php (11)
in C:\xampp\htdocs\helloworld\index.php (13)
2014/07/22 17:33:52 [error] [php] Undefined variable: theTime (C:\xampp\htdocs\helloworld\protected\views\message\hello.php:11)
Stack trace:
#0 C:\xampp\htdocs\yii\framework\web\CController.php(869): MessageController->renderFile()
#1 C:\xampp\htdocs\yii\framework\web\CController.php(782): MessageController->renderPartial()
#2 C:\xampp\htdocs\helloworld\protected\controllers\MessageController.php(11): MessageController->render()
#3 C:\xampp\htdocs\yii\framework\web\actions\CInlineAction.php(49): MessageController->actionHello()
#4 C:\xampp\htdocs\yii\framework\web\CController.php(308): CInlineAction->runWithParams()
#5 C:\xampp\htdocs\yii\framework\web\CController.php(286): MessageController->runAction()
#6 C:\xampp\htdocs\yii\framework\web\CController.php(265): MessageController->runActionWithFilters()
#7 C:\xampp\htdocs\yii\framework\web\CWebApplication.php(282): MessageController->run()
#8 C:\xampp\htdocs\yii\framework\web\CWebApplication.php(141): CWebApplication->runController()
#9 C:\xampp\htdocs\yii\framework\base\CApplication.php(180): CWebApplication->processRequest()
#10 C:\xampp\htdocs\helloworld\index.php(13): CWebApplication->run()
REQUEST_URI=/helloworld/index.php?r=message
in C:\xampp\htdocs\helloworld\protected\views\message\hello.php (11)
in C:\xampp\htdocs\helloworld\protected\controllers\MessageController.php (11)
in C:\xampp\htdocs\helloworld\index.php (13)
2014/07/22 12:10:53 [error] [exception.CException] exception 'CException' with message 'Property "MessageController.theTime" is not defined.' in C:\xampp\htdocs\yii\framework\base\CComponent.php:173
Stack trace:
#0 C:\xampp\htdocs\helloworld\protected\controllers\MessageController.php(15): CComponent->__set('theTime', 'Tue Jul 22, 201...')
#1 C:\xampp\htdocs\yii\framework\web\actions\CInlineAction.php(49): MessageController->actionHello()
#2 C:\xampp\htdocs\yii\framework\web\CController.php(308): CInlineAction->runWithParams(Array)
#3 C:\xampp\htdocs\yii\framework\web\CController.php(286): CController->runAction(Object(CInlineAction))
#4 C:\xampp\htdocs\yii\framework\web\CController.php(265): CController->runActionWithFilters(Object(CInlineAction), Array)
#5 C:\xampp\htdocs\yii\framework\web\CWebApplication.php(282): CController->run('')
#6 C:\xampp\htdocs\yii\framework\web\CWebApplication.php(141): CWebApplication->runController('message')
#7 C:\xampp\htdocs\yii\framework\base\CApplication.php(180): CWebApplication->processRequest()
#8 C:\xampp\htdocs\helloworld\index.php(13): CApplication->run()
#9 {main}
REQUEST_URI=/helloworld/index.php?r=message
---
2014/07/22 12:12:52 [error] [php] Undefined variable: theTime (C:\xampp\htdocs\helloworld\protected\controllers\MessageController.php:17)
Stack trace:
#0 C:\xampp\htdocs\yii\framework\web\CController.php(286): MessageController->runAction()
#1 C:\xampp\htdocs\yii\framework\web\CController.php(265): MessageController->runActionWithFilters()
#2 C:\xampp\htdocs\yii\framework\web\CWebApplication.php(282): MessageController->run()
#3 C:\xampp\htdocs\yii\framework\web\CWebApplication.php(141): CWebApplication->runController()
#4 C:\xampp\htdocs\yii\framework\base\CApplication.php(180): CWebApplication->processRequest()
#5 C:\xampp\htdocs\helloworld\index.php(13): CWebApplication->run()
REQUEST_URI=/helloworld/index.php?r=message
in C:\xampp\htdocs\helloworld\protected\controllers\MessageController.php (17)
in C:\xampp\htdocs\helloworld\index.php (13)
2014/07/22 14:15:48 [error] [exception.CHttpException.404] exception 'CHttpException' with message 'Unable to resolve the request "message".' in C:\xampp\htdocs\yii\framework\web\CWebApplication.php:286
Stack trace:
#0 C:\xampp\htdocs\yii\framework\web\CWebApplication.php(141): CWebApplication->runController('message')
#1 C:\xampp\htdocs\yii\framework\base\CApplication.php(180): CWebApplication->processRequest()
#2 C:\xampp\htdocs\helloworld\index.php(13): CApplication->run()
#3 {main}
REQUEST_URI=/helloworld/index.php?r=message
---
2014/07/22 12:16:49 [error] [php] Undefined variable: MessageController (C:\xampp\htdocs\helloworld\protected\views\message\hello.php:11)
Stack trace:
#0 C:\xampp\htdocs\yii\framework\web\CController.php(869): MessageController->renderFile()
#1 C:\xampp\htdocs\yii\framework\web\CController.php(782): MessageController->renderPartial()
#2 C:\xampp\htdocs\helloworld\protected\controllers\MessageController.php(17): MessageController->render()
#3 C:\xampp\htdocs\yii\framework\web\actions\CInlineAction.php(49): MessageController->actionHello()
#4 C:\xampp\htdocs\yii\framework\web\CController.php(308): CInlineAction->runWithParams()
#5 C:\xampp\htdocs\yii\framework\web\CController.php(286): MessageController->runAction()
#6 C:\xampp\htdocs\yii\framework\web\CController.php(265): MessageController->runActionWithFilters()
#7 C:\xampp\htdocs\yii\framework\web\CWebApplication.php(282): MessageController->run()
#8 C:\xampp\htdocs\yii\framework\web\CWebApplication.php(141): CWebApplication->runController()
#9 C:\xampp\htdocs\yii\framework\base\CApplication.php(180): CWebApplication->processRequest()
#10 C:\xampp\htdocs\helloworld\index.php(13): CWebApplication->run()
REQUEST_URI=/helloworld/index.php?r=message
in C:\xampp\htdocs\helloworld\protected\views\message\hello.php (11)
in C:\xampp\htdocs\helloworld\protected\controllers\MessageController.php (17)
in C:\xampp\htdocs\helloworld\index.php (13)
2014/07/22 12:18:41 [error] [php] date_default_timezone_set(): Timezone ID 'Asia/Hongkong' is invalid (C:\xampp\htdocs\helloworld\protected\controllers\MessageController.php:17)
Stack trace:
#0 C:\xampp\htdocs\yii\framework\web\CController.php(308): CInlineAction->runWithParams()
#1 C:\xampp\htdocs\yii\framework\web\CController.php(286): MessageController->runAction()
#2 C:\xampp\htdocs\yii\framework\web\CController.php(265): MessageController->runActionWithFilters()
#3 C:\xampp\htdocs\yii\framework\web\CWebApplication.php(282): MessageController->run()
#4 C:\xampp\htdocs\yii\framework\web\CWebApplication.php(141): CWebApplication->runController()
#5 C:\xampp\htdocs\yii\framework\base\CApplication.php(180): CWebApplication->processRequest()
#6 C:\xampp\htdocs\helloworld\index.php(13): CWebApplication->run()
REQUEST_URI=/helloworld/index.php?r=message
in C:\xampp\htdocs\helloworld\protected\controllers\MessageController.php (17)
in C:\xampp\htdocs\helloworld\index.php (13)
2014/07/22 12:18:51 [error] [php] date_default_timezone_set(): Timezone ID 'Asia/Hong Kong' is invalid (C:\xampp\htdocs\helloworld\protected\controllers\MessageController.php:17)
Stack trace:
#0 C:\xampp\htdocs\yii\framework\web\CController.php(308): CInlineAction->runWithParams()
#1 C:\xampp\htdocs\yii\framework\web\CController.php(286): MessageController->runAction()
#2 C:\xampp\htdocs\yii\framework\web\CController.php(265): MessageController->runActionWithFilters()
#3 C:\xampp\htdocs\yii\framework\web\CWebApplication.php(282): MessageController->run()
#4 C:\xampp\htdocs\yii\framework\web\CWebApplication.php(141): CWebApplication->runController()
#5 C:\xampp\htdocs\yii\framework\base\CApplication.php(180): CWebApplication->processRequest()
#6 C:\xampp\htdocs\helloworld\index.php(13): CWebApplication->run()
REQUEST_URI=/helloworld/index.php?r=message
in C:\xampp\htdocs\helloworld\protected\controllers\MessageController.php (17)
in C:\xampp\htdocs\helloworld\index.php (13)
2014/07/22 17:52:48 [error] [php] Undefined variable: tim (C:\xampp\htdocs\helloworld\protected\views\message\hello.php:14)
Stack trace:
#0 C:\xampp\htdocs\yii\framework\web\CController.php(869): MessageController->renderFile()
#1 C:\xampp\htdocs\yii\framework\web\CController.php(782): MessageController->renderPartial()
#2 C:\xampp\htdocs\helloworld\protected\controllers\MessageController.php(18): MessageController->render()
#3 C:\xampp\htdocs\yii\framework\web\actions\CInlineAction.php(49): MessageController->actionHello()
#4 C:\xampp\htdocs\yii\framework\web\CController.php(308): CInlineAction->runWithParams()
#5 C:\xampp\htdocs\yii\framework\web\CController.php(286): MessageController->runAction()
#6 C:\xampp\htdocs\yii\framework\web\CController.php(265): MessageController->runActionWithFilters()
#7 C:\xampp\htdocs\yii\framework\web\CWebApplication.php(282): MessageController->run()
#8 C:\xampp\htdocs\yii\framework\web\CWebApplication.php(141): CWebApplication->runController()
#9 C:\xampp\htdocs\yii\framework\base\CApplication.php(180): CWebApplication->processRequest()
#10 C:\xampp\htdocs\helloworld\index.php(13): CWebApplication->run()
REQUEST_URI=/helloworld/index.php?r=message
in C:\xampp\htdocs\helloworld\protected\views\message\hello.php (14)
in C:\xampp\htdocs\helloworld\protected\controllers\MessageController.php (18)
in C:\xampp\htdocs\helloworld\index.php (13)
2014/07/22 14:32:11 [error] [exception.CHttpException.404] exception 'CHttpException' with message 'The system is unable to find the requested action "index".' in C:\xampp\htdocs\yii\framework\web\CController.php:483
Stack trace:
#0 C:\xampp\htdocs\yii\framework\web\CController.php(270): CController->missingAction('')
#1 C:\xampp\htdocs\yii\framework\web\CWebApplication.php(282): CController->run('')
#2 C:\xampp\htdocs\yii\framework\web\CWebApplication.php(141): CWebApplication->runController('message')
#3 C:\xampp\htdocs\yii\framework\base\CApplication.php(180): CWebApplication->processRequest()
#4 C:\xampp\htdocs\helloworld\index.php(13): CApplication->run()
#5 {main}
REQUEST_URI=/helloworld/index.php?r=message
---
2014/07/22 18:46:14 [error] [exception.CException] exception 'CException' with message 'Property "MessageController.actionGoodbye" is not defined.' in C:\xampp\htdocs\yii\framework\base\CComponent.php:130
Stack trace:
#0 C:\xampp\htdocs\helloworld\protected\views\message\hello.php(16): CComponent->__get('actionGoodbye')
#1 C:\xampp\htdocs\yii\framework\web\CBaseController.php(126): require('C:\\xampp\\htdocs...')
#2 C:\xampp\htdocs\yii\framework\web\CBaseController.php(95): CBaseController->renderInternal('C:\\xampp\\htdocs...', Array, true)
#3 C:\xampp\htdocs\yii\framework\web\CController.php(869): CBaseController->renderFile('C:\\xampp\\htdocs...', Array, true)
#4 C:\xampp\htdocs\yii\framework\web\CController.php(782): CController->renderPartial('hello', Array, true)
#5 C:\xampp\htdocs\helloworld\protected\controllers\MessageController.php(20): CController->render('hello', Array)
#6 C:\xampp\htdocs\yii\framework\web\actions\CInlineAction.php(49): MessageController->actionHello()
#7 C:\xampp\htdocs\yii\framework\web\CController.php(308): CInlineAction->runWithParams(Array)
#8 C:\xampp\htdocs\yii\framework\web\CController.php(286): CController->runAction(Object(CInlineAction))
#9 C:\xampp\htdocs\yii\framework\web\CController.php(265): CController->runActionWithFilters(Object(CInlineAction), Array)
#10 C:\xampp\htdocs\yii\framework\web\CWebApplication.php(282): CController->run('hello')
#11 C:\xampp\htdocs\yii\framework\web\CWebApplication.php(141): CWebApplication->runController('message/hello')
#12 C:\xampp\htdocs\yii\framework\base\CApplication.php(180): CWebApplication->processRequest()
#13 C:\xampp\htdocs\helloworld\index.php(13): CApplication->run()
#14 {main}
REQUEST_URI=/helloworld/index.php?r=message/hello
HTTP_REFERER=http://localhost/helloworld/index.php?r=message/hello
---
2014/07/22 18:46:23 [error] [exception.CException] exception 'CException' with message 'Property "MessageController.actionGoodbye" is not defined.' in C:\xampp\htdocs\yii\framework\base\CComponent.php:130
Stack trace:
#0 C:\xampp\htdocs\helloworld\protected\views\message\hello.php(16): CComponent->__get('actionGoodbye')
#1 C:\xampp\htdocs\yii\framework\web\CBaseController.php(126): require('C:\\xampp\\htdocs...')
#2 C:\xampp\htdocs\yii\framework\web\CBaseController.php(95): CBaseController->renderInternal('C:\\xampp\\htdocs...', Array, true)
#3 C:\xampp\htdocs\yii\framework\web\CController.php(869): CBaseController->renderFile('C:\\xampp\\htdocs...', Array, true)
#4 C:\xampp\htdocs\yii\framework\web\CController.php(782): CController->renderPartial('hello', Array, true)
#5 C:\xampp\htdocs\helloworld\protected\controllers\MessageController.php(20): CController->render('hello', Array)
#6 C:\xampp\htdocs\yii\framework\web\actions\CInlineAction.php(49): MessageController->actionHello()
#7 C:\xampp\htdocs\yii\framework\web\CController.php(308): CInlineAction->runWithParams(Array)
#8 C:\xampp\htdocs\yii\framework\web\CController.php(286): CController->runAction(Object(CInlineAction))
#9 C:\xampp\htdocs\yii\framework\web\CController.php(265): CController->runActionWithFilters(Object(CInlineAction), Array)
#10 C:\xampp\htdocs\yii\framework\web\CWebApplication.php(282): CController->run('hello')
#11 C:\xampp\htdocs\yii\framework\web\CWebApplication.php(141): CWebApplication->runController('message/hello')
#12 C:\xampp\htdocs\yii\framework\base\CApplication.php(180): CWebApplication->processRequest()
#13 C:\xampp\htdocs\helloworld\index.php(13): CApplication->run()
#14 {main}
REQUEST_URI=/helloworld/index.php?r=message/hello
HTTP_REFERER=http://localhost/helloworld/index.php?r=message/hello
---
2014/07/22 18:46:46 [error] [php] Undefined variable: actionGoodbye (C:\xampp\htdocs\helloworld\protected\views\message\hello.php:16)
Stack trace:
#0 C:\xampp\htdocs\yii\framework\web\CController.php(869): MessageController->renderFile()
#1 C:\xampp\htdocs\yii\framework\web\CController.php(782): MessageController->renderPartial()
#2 C:\xampp\htdocs\helloworld\protected\controllers\MessageController.php(20): MessageController->render()
#3 C:\xampp\htdocs\yii\framework\web\actions\CInlineAction.php(49): MessageController->actionHello()
#4 C:\xampp\htdocs\yii\framework\web\CController.php(308): CInlineAction->runWithParams()
#5 C:\xampp\htdocs\yii\framework\web\CController.php(286): MessageController->runAction()
#6 C:\xampp\htdocs\yii\framework\web\CController.php(265): MessageController->runActionWithFilters()
#7 C:\xampp\htdocs\yii\framework\web\CWebApplication.php(282): MessageController->run()
#8 C:\xampp\htdocs\yii\framework\web\CWebApplication.php(141): CWebApplication->runController()
#9 C:\xampp\htdocs\yii\framework\base\CApplication.php(180): CWebApplication->processRequest()
#10 C:\xampp\htdocs\helloworld\index.php(13): CWebApplication->run()
REQUEST_URI=/helloworld/index.php?r=message/hello
in C:\xampp\htdocs\helloworld\protected\views\message\hello.php (16)
in C:\xampp\htdocs\helloworld\protected\controllers\MessageController.php (20)
in C:\xampp\htdocs\helloworld\index.php (13)
2014/07/23 08:58:36 [error] [exception.CHttpException.404] exception 'CHttpException' with message 'Unable to resolve the request "gii.".' in C:\xampp\htdocs\yii\framework\web\CWebApplication.php:286
Stack trace:
#0 C:\xampp\htdocs\yii\framework\web\CWebApplication.php(141): CWebApplication->runController('gii.')
#1 C:\xampp\htdocs\yii\framework\base\CApplication.php(180): CWebApplication->processRequest()
#2 C:\xampp\htdocs\helloworld\index.php(13): CApplication->run()
#3 {main}
REQUEST_URI=/helloworld/index.php?r=gii.
---
